{"numFailedTestSuites":1,"numFailedTests":0,"numPassedTestSuites":0,"numPassedTests":0,"numPendingTestSuites":0,"numPendingTests":0,"numRuntimeErrorTestSuites":1,"numTodoTests":0,"numTotalTestSuites":1,"numTotalTests":0,"openHandles":[],"snapshot":{"added":0,"didUpdate":false,"failure":false,"filesAdded":0,"filesRemoved":0,"filesRemovedList":[],"filesUnmatched":0,"filesUpdated":0,"matched":0,"total":0,"unchecked":0,"uncheckedKeysByFile":[],"unmatched":0,"updated":0},"startTime":1786995824841,"success":false,"testResults":[{"assertionResults":[],"coverage":{},"endTime":1786995826608,"message":"  ● Test suite failed to run\n\n    TypeError: Cannot read properties of undefined (reading 'OBJECT')\n\n    \u001b[0m \u001b[90m  9 |\u001b[39m\n     \u001b[90m 10 |\u001b[39m \u001b[36mconst\u001b[39m responseSchema \u001b[33m=\u001b[39m {\n    \u001b[31m\u001b[1m>\u001b[22m\u001b[39m\u001b[90m 11 |\u001b[39m     type\u001b[33m:\u001b[39m \u001b[33mType\u001b[39m\u001b[33m.\u001b[39m\u001b[33mOBJECT\u001b[39m\u001b[33m,\u001b[39m\n     \u001b[90m    |\u001b[39m                \u001b[31m\u001b[1m^\u001b[22m\u001b[39m\n     \u001b[90m 12 |\u001b[39m     properties\u001b[33m:\u001b[39m {\n     \u001b[90m 13 |\u001b[39m         status\u001b[33m:\u001b[39m { type\u001b[33m:\u001b[39m \u001b[33mType\u001b[39m\u001b[33m.\u001b[39m\u001b[33mSTRING\u001b[39m\u001b[33m,\u001b[39m description\u001b[33m:\u001b[39m \u001b[32m\"Must be 'answered'\"\u001b[39m }\u001b[33m,\u001b[39m\n     \u001b[90m 14 |\u001b[39m         explanation_segments\u001b[33m:\u001b[39m {\u001b[0m\n\n      at Object.OBJECT (src/controllers/explain.controller.js:11:16)\n      at Object.require (src/routes/api.routes.js:3:21)\n      at Object.require (src/app.js:3:19)\n      at Object.require (tests/api.test.js:2:13)\n","name":"C:\\Users\\HP\\.gemini\\antigravity\\scratch\\ai-tutor-backend\\tests\\api.test.js","startTime":1786995826608,"status":"failed","summary":""}],"wasInterrupted":false}
