{"numFailedTestSuites":1,"numFailedTests":1,"numPassedTestSuites":0,"numPassedTests":1,"numPendingTestSuites":0,"numPendingTests":0,"numRuntimeErrorTestSuites":0,"numTodoTests":0,"numTotalTestSuites":1,"numTotalTests":2,"openHandles":[],"snapshot":{"added":0,"didUpdate":false,"failure":false,"filesAdded":0,"filesRemoved":0,"filesRemovedList":[],"filesUnmatched":0,"filesUpdated":0,"matched":0,"total":0,"unchecked":0,"uncheckedKeysByFile":[],"unmatched":0,"updated":0},"startTime":1786994737471,"success":false,"testResults":[{"assertionResults":[{"ancestorTitles":["API Routes","POST /api/retrieve"],"duration":74,"failing":false,"failureDetails":[{"matcherResult":{"message":"expect(received).toHaveProperty(path)\n\nExpected path: \"chunks\"\nReceived path: []\n\nReceived value: {\"results\": [{\"id\": \"chunk_1\", \"score\": 0.21971768720102058, \"section_label\": \"Chapter 2, Section 3: Newton's Second Law\", \"text\": \"Newton's second law of motion states that the acceleration of an object is directly proportional to the net force acting on it and inversely proportional to its mass. The equation is commonly written as F = ma, where F is the net force, m is the mass, and a is the acceleration. This law explains how the velocity of an object changes when it is subjected to an external force.\", \"topic\": \"Physics\"}, {\"id\": \"chunk_4\", \"score\": 0.14467284665112362, \"section_label\": \"Chapter 1: Photosynthesis\", \"text\": \"Photosynthesis is a process used by plants and other organisms to convert light energy into chemical energy that, through cellular respiration, can later be released to fuel the organism's activities. This chemical energy is stored in carbohydrate molecules, such as sugars and starches, which are synthesized from carbon dioxide and water – hence the name photosynthesis.\", \"topic\": \"Biology\"}, {\"id\": \"chunk_5\", \"score\": 0.12792042981336624, \"section_label\": \"Section 1: What is an Algorithm?\", \"text\": \"In mathematics and computer science, an algorithm is a finite sequence of rigorous instructions, typically used to solve a class of specific problems or to perform a computation. Algorithms are used as specifications for performing calculations and data processing. More advanced algorithms can perform automated deductions and use mathematical and logical tests to redirect the code execution through various routes.\", \"topic\": \"Computer Science\"}]}","pass":false}}],"failureMessages":["Error: expect(received).toHaveProperty(path)\n\nExpected path: \"chunks\"\nReceived path: []\n\nReceived value: {\"results\": [{\"id\": \"chunk_1\", \"score\": 0.21971768720102058, \"section_label\": \"Chapter 2, Section 3: Newton's Second Law\", \"text\": \"Newton's second law of motion states that the acceleration of an object is directly proportional to the net force acting on it and inversely proportional to its mass. The equation is commonly written as F = ma, where F is the net force, m is the mass, and a is the acceleration. This law explains how the velocity of an object changes when it is subjected to an external force.\", \"topic\": \"Physics\"}, {\"id\": \"chunk_4\", \"score\": 0.14467284665112362, \"section_label\": \"Chapter 1: Photosynthesis\", \"text\": \"Photosynthesis is a process used by plants and other organisms to convert light energy into chemical energy that, through cellular respiration, can later be released to fuel the organism's activities. This chemical energy is stored in carbohydrate molecules, such as sugars and starches, which are synthesized from carbon dioxide and water – hence the name photosynthesis.\", \"topic\": \"Biology\"}, {\"id\": \"chunk_5\", \"score\": 0.12792042981336624, \"section_label\": \"Section 1: What is an Algorithm?\", \"text\": \"In mathematics and computer science, an algorithm is a finite sequence of rigorous instructions, typically used to solve a class of specific problems or to perform a computation. Algorithms are used as specifications for performing calculations and data processing. More advanced algorithms can perform automated deductions and use mathematical and logical tests to redirect the code execution through various routes.\", \"topic\": \"Computer Science\"}]}\n    at Object.toHaveProperty (C:\\Users\\HP\\.gemini\\antigravity\\scratch\\ai-tutor-backend\\tests\\api.test.js:18:35)\n    at processTicksAndRejections (node:internal/process/task_queues:103:5)"],"fullName":"API Routes POST /api/retrieve should return a 200 response with retrieved chunks when valid question is provided","invocations":1,"location":null,"numPassingAsserts":1,"retryReasons":[],"startAt":1786994738507,"status":"failed","title":"should return a 200 response with retrieved chunks when valid question is provided"},{"ancestorTitles":["API Routes","POST /api/retrieve"],"duration":7,"failing":false,"failureDetails":[],"failureMessages":[],"fullName":"API Routes POST /api/retrieve should handle errors gracefully","invocations":1,"location":null,"numPassingAsserts":1,"retryReasons":[],"startAt":1786994738587,"status":"passed","title":"should handle errors gracefully"}],"endTime":1786994738612,"message":"  ● API Routes › POST /api/retrieve › should return a 200 response with retrieved chunks when valid question is provided\n\n    expect(received).toHaveProperty(path)\n\n    Expected path: \"chunks\"\n    Received path: []\n\n    Received value: {\"results\": [{\"id\": \"chunk_1\", \"score\": 0.21971768720102058, \"section_label\": \"Chapter 2, Section 3: Newton's Second Law\", \"text\": \"Newton's second law of motion states that the acceleration of an object is directly proportional to the net force acting on it and inversely proportional to its mass. The equation is commonly written as F = ma, where F is the net force, m is the mass, and a is the acceleration. This law explains how the velocity of an object changes when it is subjected to an external force.\", \"topic\": \"Physics\"}, {\"id\": \"chunk_4\", \"score\": 0.14467284665112362, \"section_label\": \"Chapter 1: Photosynthesis\", \"text\": \"Photosynthesis is a process used by plants and other organisms to convert light energy into chemical energy that, through cellular respiration, can later be released to fuel the organism's activities. This chemical energy is stored in carbohydrate molecules, such as sugars and starches, which are synthesized from carbon dioxide and water – hence the name photosynthesis.\", \"topic\": \"Biology\"}, {\"id\": \"chunk_5\", \"score\": 0.12792042981336624, \"section_label\": \"Section 1: What is an Algorithm?\", \"text\": \"In mathematics and computer science, an algorithm is a finite sequence of rigorous instructions, typically used to solve a class of specific problems or to perform a computation. Algorithms are used as specifications for performing calculations and data processing. More advanced algorithms can perform automated deductions and use mathematical and logical tests to redirect the code execution through various routes.\", \"topic\": \"Computer Science\"}]}\n\n    \u001b[0m \u001b[90m 16 |\u001b[39m\n     \u001b[90m 17 |\u001b[39m             expect(response\u001b[33m.\u001b[39mstatus)\u001b[33m.\u001b[39mtoBe(\u001b[35m200\u001b[39m)\u001b[33m;\u001b[39m\n    \u001b[31m\u001b[1m>\u001b[22m\u001b[39m\u001b[90m 18 |\u001b[39m             expect(response\u001b[33m.\u001b[39mbody)\u001b[33m.\u001b[39mtoHaveProperty(\u001b[32m'chunks'\u001b[39m)\u001b[33m;\u001b[39m\n     \u001b[90m    |\u001b[39m                                   \u001b[31m\u001b[1m^\u001b[22m\u001b[39m\n     \u001b[90m 19 |\u001b[39m             \u001b[90m// Replace these based on your actual response structure\u001b[39m\n     \u001b[90m 20 |\u001b[39m             \u001b[90m// expect(Array.isArray(response.body.chunks)).toBe(true);\u001b[39m\n     \u001b[90m 21 |\u001b[39m         })\u001b[33m;\u001b[39m\u001b[0m\n\n      at Object.toHaveProperty (tests/api.test.js:18:35)\n","name":"C:\\Users\\HP\\.gemini\\antigravity\\scratch\\ai-tutor-backend\\tests\\api.test.js","startTime":1786994737594,"status":"failed","summary":""}],"wasInterrupted":false}
